# JRE version: OpenJDK Runtime Environment Temurin-17.0.9+9 (17.0.9+9) (build 17.0.9+9)
# Java VM: OpenJDK 64-Bit Server VM Temurin-17.0.9+9 (17.0.9+9, mixed mode, emulated-client, tiered, compressed oops, compressed class ptrs, g1 gc, windows-amd64)
GC Precious Log:
 CPUs: 6 total, 6 available
 Memory: 7600M
 Large Page Support: Disabled
 NUMA Support: Disabled
 Compressed Oops: Enabled (32-bit)
 Heap Region Size: 1M
 Heap Min Capacity: 8M
 Heap Initial Capacity: 120M
 Heap Max Capacity: 1G
 Pre-touch: Disabled
 Parallel Workers: 6
 Concurrent Workers: 2
 Concurrent Refinement Workers: 6
 Periodic GC: Disabled
Heap:
 garbage-first heap   total 111616K, used 36910K [0x00000000c0000000, 0x0000000100000000)
  region size 1024K, 1 young (1024K), 0 survivors (0K)
 Metaspace       used 58741K, committed 59264K, reserved 1114112K
  class space    used 7304K, committed 7552K, reserved 1048576K
GC Heap History (20 events):
Event: 26394.141 GC heap before
{Heap before GC invocations=2162 (full 2141):
 garbage-first heap   total 111616K, used 36910K [0x00000000c0000000, 0x0000000100000000)
  region size 1024K, 1 young (1024K), 0 survivors (0K)
 Metaspace       used 58741K, committed 59264K, reserved 1114112K
  class space    used 7304K, committed 7552K, reserved 1048576K
}
Event: 26394.171 GC heap after
{Heap after GC invocations=2163 (full 2142):
 garbage-first heap   total 111616K, used 36910K [0x00000000c0000000, 0x0000000100000000)
  region size 1024K, 0 young (0K), 0 survivors (0K)
 Metaspace       used 58741K, committed 59264K, reserved 1114112K
  class space    used 7304K, committed 7552K, reserved 1048576K
}
Event: 26404.345 GC heap before
{Heap before GC invocations=2163 (full 2142):
 garbage-first heap   total 111616K, used 36910K [0x00000000c0000000, 0x0000000100000000)
  region size 1024K, 1 young (1024K), 0 survivors (0K)
 Metaspace       used 58741K, committed 59264K, reserved 1114112K
  class space    used 7304K, committed 7552K, reserved 1048576K
}
Event: 26404.376 GC heap after
{Heap after GC invocations=2164 (full 2143):
 garbage-first heap   total 111616K, used 36910K [0x00000000c0000000, 0x0000000100000000)
  region size 1024K, 0 young (0K), 0 survivors (0K)
 Metaspace       used 58741K, committed 59264K, reserved 1114112K
  class space    used 7304K, committed 7552K, reserved 1048576K
}
Event: 26414.655 GC heap before
{Heap before GC invocations=2164 (full 2143):
 garbage-first heap   total 111616K, used 36910K [0x00000000c0000000, 0x0000000100000000)
  region size 1024K, 1 young (1024K), 0 survivors (0K)
 Metaspace       used 58741K, committed 59264K, reserved 1114112K
  class space    used 7304K, committed 7552K, reserved 1048576K
}
Event: 26414.689 GC heap after
{Heap after GC invocations=2165 (full 2144):
 garbage-first heap   total 111616K, used 36910K [0x00000000c0000000, 0x0000000100000000)
  region size 1024K, 0 young (0K), 0 survivors (0K)
 Metaspace       used 58741K, committed 59264K, reserved 1114112K
  class space    used 7304K, committed 7552K, reserved 1048576K
}
Event: 26424.932 GC heap before
{Heap before GC invocations=2165 (full 2144):
 garbage-first heap   total 111616K, used 36910K [0x00000000c0000000, 0x0000000100000000)
  region size 1024K, 1 young (1024K), 0 survivors (0K)
 Metaspace       used 58741K, committed 59264K, reserved 1114112K
  class space    used 7304K, committed 7552K, reserved 1048576K
}
Event: 26424.966 GC heap after
{Heap after GC invocations=2166 (full 2145):
 garbage-first heap   total 111616K, used 36910K [0x00000000c0000000, 0x0000000100000000)
  region size 1024K, 0 young (0K), 0 survivors (0K)
 Metaspace       used 58741K, committed 59264K, reserved 1114112K
  class space    used 7304K, committed 7552K, reserved 1048576K
}
Event: 26435.192 GC heap before
{Heap before GC invocations=2166 (full 2145):
 garbage-first heap   total 111616K, used 36910K [0x00000000c0000000, 0x0000000100000000)
  region size 1024K, 1 young (1024K), 0 survivors (0K)
 Metaspace       used 58741K, committed 59264K, reserved 1114112K
  class space    used 7304K, committed 7552K, reserved 1048576K
}
Event: 26435.226 GC heap after
{Heap after GC invocations=2167 (full 2146):
 garbage-first heap   total 111616K, used 36910K [0x00000000c0000000, 0x0000000100000000)
  region size 1024K, 0 young (0K), 0 survivors (0K)
 Metaspace       used 58741K, committed 59264K, reserved 1114112K
  class space    used 7304K, committed 7552K, reserved 1048576K
}
Event: 26445.459 GC heap before
{Heap before GC invocations=2167 (full 2146):
 garbage-first heap   total 111616K, used 36910K [0x00000000c0000000, 0x0000000100000000)
  region size 1024K, 1 young (1024K), 0 survivors (0K)
 Metaspace       used 58741K, committed 59264K, reserved 1114112K
  class space    used 7304K, committed 7552K, reserved 1048576K
}
Event: 26445.493 GC heap after
{Heap after GC invocations=2168 (full 2147):
 garbage-first heap   total 111616K, used 36910K [0x00000000c0000000, 0x0000000100000000)
  region size 1024K, 0 young (0K), 0 survivors (0K)
 Metaspace       used 58741K, committed 59264K, reserved 1114112K
  class space    used 7304K, committed 7552K, reserved 1048576K
}
Event: 26456.266 GC heap before
{Heap before GC invocations=2168 (full 2147):
 garbage-first heap   total 111616K, used 36910K [0x00000000c0000000, 0x0000000100000000)
  region size 1024K, 1 young (1024K), 0 survivors (0K)
 Metaspace       used 58741K, committed 59264K, reserved 1114112K
  class space    used 7304K, committed 7552K, reserved 1048576K
}
Event: 26456.309 GC heap after
{Heap after GC invocations=2169 (full 2148):
 garbage-first heap   total 111616K, used 36910K [0x00000000c0000000, 0x0000000100000000)
  region size 1024K, 0 young (0K), 0 survivors (0K)
 Metaspace       used 58741K, committed 59264K, reserved 1114112K
  class space    used 7304K, committed 7552K, reserved 1048576K
}
Event: 26466.559 GC heap before
{Heap before GC invocations=2169 (full 2148):
 garbage-first heap   total 111616K, used 36910K [0x00000000c0000000, 0x0000000100000000)
  region size 1024K, 1 young (1024K), 0 survivors (0K)
 Metaspace       used 58741K, committed 59264K, reserved 1114112K
  class space    used 7304K, committed 7552K, reserved 1048576K
}
Event: 26466.594 GC heap after
{Heap after GC invocations=2170 (full 2149):
 garbage-first heap   total 111616K, used 36910K [0x00000000c0000000, 0x0000000100000000)
  region size 1024K, 0 young (0K), 0 survivors (0K)
 Metaspace       used 58741K, committed 59264K, reserved 1114112K
  class space    used 7304K, committed 7552K, reserved 1048576K
}
Event: 26477.802 GC heap before
{Heap before GC invocations=2170 (full 2149):
 garbage-first heap   total 111616K, used 36910K [0x00000000c0000000, 0x0000000100000000)
  region size 1024K, 1 young (1024K), 0 survivors (0K)
 Metaspace       used 58741K, committed 59264K, reserved 1114112K
  class space    used 7304K, committed 7552K, reserved 1048576K
}
Event: 26477.841 GC heap after
{Heap after GC invocations=2171 (full 2150):
 garbage-first heap   total 111616K, used 36910K [0x00000000c0000000, 0x0000000100000000)
  region size 1024K, 0 young (0K), 0 survivors (0K)
 Metaspace       used 58741K, committed 59264K, reserved 1114112K
  class space    used 7304K, committed 7552K, reserved 1048576K
}
Event: 26488.418 GC heap before
{Heap before GC invocations=2171 (full 2150):
 garbage-first heap   total 111616K, used 36910K [0x00000000c0000000, 0x0000000100000000)
  region size 1024K, 1 young (1024K), 0 survivors (0K)
 Metaspace       used 58741K, committed 59264K, reserved 1114112K
  class space    used 7304K, committed 7552K, reserved 1048576K
}
Event: 26488.468 GC heap after
{Heap after GC invocations=2172 (full 2151):
 garbage-first heap   total 111616K, used 36910K [0x00000000c0000000, 0x0000000100000000)
  region size 1024K, 0 young (0K), 0 survivors (0K)
 Metaspace       used 58741K, committed 59264K, reserved 1114112K
  class space    used 7304K, committed 7552K, reserved 1048576K
}

