# JRE version: OpenJDK Runtime Environment Temurin-17.0.9+9 (17.0.9+9) (build 17.0.9+9)
# Java VM: OpenJDK 64-Bit Server VM Temurin-17.0.9+9 (17.0.9+9, mixed mode, emulated-client, tiered, compressed oops, compressed class ptrs, g1 gc, windows-amd64)
GC Precious Log:
 CPUs: 6 total, 6 available
 Memory: 7600M
 Large Page Support: Disabled
 NUMA Support: Disabled
 Compressed Oops: Enabled (32-bit)
 Heap Region Size: 1M
 Heap Min Capacity: 8M
 Heap Initial Capacity: 120M
 Heap Max Capacity: 1G
 Pre-touch: Disabled
 Parallel Workers: 6
 Concurrent Workers: 2
 Concurrent Refinement Workers: 6
 Periodic GC: Disabled
Heap:
 garbage-first heap   total 86016K, used 35538K [0x00000000c0000000, 0x0000000100000000)
  region size 1024K, 1 young (1024K), 0 survivors (0K)
 Metaspace       used 58162K, committed 58624K, reserved 1114112K
  class space    used 7208K, committed 7424K, reserved 1048576K
GC Heap History (20 events):
Event: 26652.086 GC heap before
{Heap before GC invocations=2274 (full 2257):
 garbage-first heap   total 86016K, used 35538K [0x00000000c0000000, 0x0000000100000000)
  region size 1024K, 1 young (1024K), 0 survivors (0K)
 Metaspace       used 58162K, committed 58624K, reserved 1114112K
  class space    used 7208K, committed 7424K, reserved 1048576K
}
Event: 26652.113 GC heap after
{Heap after GC invocations=2275 (full 2258):
 garbage-first heap   total 86016K, used 35538K [0x00000000c0000000, 0x0000000100000000)
  region size 1024K, 0 young (0K), 0 survivors (0K)
 Metaspace       used 58162K, committed 58624K, reserved 1114112K
  class space    used 7208K, committed 7424K, reserved 1048576K
}
Event: 26662.290 GC heap before
{Heap before GC invocations=2275 (full 2258):
 garbage-first heap   total 86016K, used 35538K [0x00000000c0000000, 0x0000000100000000)
  region size 1024K, 1 young (1024K), 0 survivors (0K)
 Metaspace       used 58162K, committed 58624K, reserved 1114112K
  class space    used 7208K, committed 7424K, reserved 1048576K
}
Event: 26662.318 GC heap after
{Heap after GC invocations=2276 (full 2259):
 garbage-first heap   total 86016K, used 35538K [0x00000000c0000000, 0x0000000100000000)
  region size 1024K, 0 young (0K), 0 survivors (0K)
 Metaspace       used 58162K, committed 58624K, reserved 1114112K
  class space    used 7208K, committed 7424K, reserved 1048576K
}
Event: 26672.490 GC heap before
{Heap before GC invocations=2276 (full 2259):
 garbage-first heap   total 86016K, used 35538K [0x00000000c0000000, 0x0000000100000000)
  region size 1024K, 1 young (1024K), 0 survivors (0K)
 Metaspace       used 58162K, committed 58624K, reserved 1114112K
  class space    used 7208K, committed 7424K, reserved 1048576K
}
Event: 26672.517 GC heap after
{Heap after GC invocations=2277 (full 2260):
 garbage-first heap   total 86016K, used 35538K [0x00000000c0000000, 0x0000000100000000)
  region size 1024K, 0 young (0K), 0 survivors (0K)
 Metaspace       used 58162K, committed 58624K, reserved 1114112K
  class space    used 7208K, committed 7424K, reserved 1048576K
}
Event: 26682.683 GC heap before
{Heap before GC invocations=2277 (full 2260):
 garbage-first heap   total 86016K, used 35538K [0x00000000c0000000, 0x0000000100000000)
  region size 1024K, 1 young (1024K), 0 survivors (0K)
 Metaspace       used 58162K, committed 58624K, reserved 1114112K
  class space    used 7208K, committed 7424K, reserved 1048576K
}
Event: 26682.710 GC heap after
{Heap after GC invocations=2278 (full 2261):
 garbage-first heap   total 86016K, used 35538K [0x00000000c0000000, 0x0000000100000000)
  region size 1024K, 0 young (0K), 0 survivors (0K)
 Metaspace       used 58162K, committed 58624K, reserved 1114112K
  class space    used 7208K, committed 7424K, reserved 1048576K
}
Event: 26692.879 GC heap before
{Heap before GC invocations=2278 (full 2261):
 garbage-first heap   total 86016K, used 35538K [0x00000000c0000000, 0x0000000100000000)
  region size 1024K, 1 young (1024K), 0 survivors (0K)
 Metaspace       used 58162K, committed 58624K, reserved 1114112K
  class space    used 7208K, committed 7424K, reserved 1048576K
}
Event: 26692.909 GC heap after
{Heap after GC invocations=2279 (full 2262):
 garbage-first heap   total 86016K, used 35538K [0x00000000c0000000, 0x0000000100000000)
  region size 1024K, 0 young (0K), 0 survivors (0K)
 Metaspace       used 58162K, committed 58624K, reserved 1114112K
  class space    used 7208K, committed 7424K, reserved 1048576K
}
Event: 26703.089 GC heap before
{Heap before GC invocations=2279 (full 2262):
 garbage-first heap   total 86016K, used 35538K [0x00000000c0000000, 0x0000000100000000)
  region size 1024K, 1 young (1024K), 0 survivors (0K)
 Metaspace       used 58162K, committed 58624K, reserved 1114112K
  class space    used 7208K, committed 7424K, reserved 1048576K
}
Event: 26703.117 GC heap after
{Heap after GC invocations=2280 (full 2263):
 garbage-first heap   total 86016K, used 35538K [0x00000000c0000000, 0x0000000100000000)
  region size 1024K, 0 young (0K), 0 survivors (0K)
 Metaspace       used 58162K, committed 58624K, reserved 1114112K
  class space    used 7208K, committed 7424K, reserved 1048576K
}
Event: 26713.289 GC heap before
{Heap before GC invocations=2280 (full 2263):
 garbage-first heap   total 86016K, used 35538K [0x00000000c0000000, 0x0000000100000000)
  region size 1024K, 1 young (1024K), 0 survivors (0K)
 Metaspace       used 58162K, committed 58624K, reserved 1114112K
  class space    used 7208K, committed 7424K, reserved 1048576K
}
Event: 26713.317 GC heap after
{Heap after GC invocations=2281 (full 2264):
 garbage-first heap   total 86016K, used 35538K [0x00000000c0000000, 0x0000000100000000)
  region size 1024K, 0 young (0K), 0 survivors (0K)
 Metaspace       used 58162K, committed 58624K, reserved 1114112K
  class space    used 7208K, committed 7424K, reserved 1048576K
}
Event: 26723.502 GC heap before
{Heap before GC invocations=2281 (full 2264):
 garbage-first heap   total 86016K, used 35538K [0x00000000c0000000, 0x0000000100000000)
  region size 1024K, 1 young (1024K), 0 survivors (0K)
 Metaspace       used 58162K, committed 58624K, reserved 1114112K
  class space    used 7208K, committed 7424K, reserved 1048576K
}
Event: 26723.531 GC heap after
{Heap after GC invocations=2282 (full 2265):
 garbage-first heap   total 86016K, used 35538K [0x00000000c0000000, 0x0000000100000000)
  region size 1024K, 0 young (0K), 0 survivors (0K)
 Metaspace       used 58162K, committed 58624K, reserved 1114112K
  class space    used 7208K, committed 7424K, reserved 1048576K
}
Event: 26733.728 GC heap before
{Heap before GC invocations=2282 (full 2265):
 garbage-first heap   total 86016K, used 35538K [0x00000000c0000000, 0x0000000100000000)
  region size 1024K, 1 young (1024K), 0 survivors (0K)
 Metaspace       used 58162K, committed 58624K, reserved 1114112K
  class space    used 7208K, committed 7424K, reserved 1048576K
}
Event: 26733.757 GC heap after
{Heap after GC invocations=2283 (full 2266):
 garbage-first heap   total 86016K, used 35538K [0x00000000c0000000, 0x0000000100000000)
  region size 1024K, 0 young (0K), 0 survivors (0K)
 Metaspace       used 58162K, committed 58624K, reserved 1114112K
  class space    used 7208K, committed 7424K, reserved 1048576K
}
Event: 26743.963 GC heap before
{Heap before GC invocations=2283 (full 2266):
 garbage-first heap   total 86016K, used 35538K [0x00000000c0000000, 0x0000000100000000)
  region size 1024K, 1 young (1024K), 0 survivors (0K)
 Metaspace       used 58162K, committed 58624K, reserved 1114112K
  class space    used 7208K, committed 7424K, reserved 1048576K
}
Event: 26743.993 GC heap after
{Heap after GC invocations=2284 (full 2267):
 garbage-first heap   total 86016K, used 35538K [0x00000000c0000000, 0x0000000100000000)
  region size 1024K, 0 young (0K), 0 survivors (0K)
 Metaspace       used 58162K, committed 58624K, reserved 1114112K
  class space    used 7208K, committed 7424K, reserved 1048576K
}

