# JRE version: OpenJDK Runtime Environment Temurin-17.0.9+9 (17.0.9+9) (build 17.0.9+9)
# Java VM: OpenJDK 64-Bit Server VM Temurin-17.0.9+9 (17.0.9+9, mixed mode, emulated-client, tiered, compressed oops, compressed class ptrs, g1 gc, windows-amd64)
GC Precious Log:
 CPUs: 6 total, 6 available
 Memory: 7600M
 Large Page Support: Disabled
 NUMA Support: Disabled
 Compressed Oops: Enabled (32-bit)
 Heap Region Size: 1M
 Heap Min Capacity: 8M
 Heap Initial Capacity: 120M
 Heap Max Capacity: 1G
 Pre-touch: Disabled
 Parallel Workers: 6
 Concurrent Workers: 2
 Concurrent Refinement Workers: 6
 Periodic GC: Disabled
Heap:
 garbage-first heap   total 75776K, used 22190K [0x00000000c0000000, 0x0000000100000000)
  region size 1024K, 1 young (1024K), 0 survivors (0K)
 Metaspace       used 38567K, committed 39168K, reserved 1114112K
  class space    used 5078K, committed 5312K, reserved 1048576K
GC Heap History (20 events):
Event: 2914.482 GC heap before
{Heap before GC invocations=274 (full 267):
 garbage-first heap   total 75776K, used 22190K [0x00000000c0000000, 0x0000000100000000)
  region size 1024K, 1 young (1024K), 0 survivors (0K)
 Metaspace       used 38567K, committed 39168K, reserved 1114112K
  class space    used 5078K, committed 5312K, reserved 1048576K
}
Event: 2914.500 GC heap after
{Heap after GC invocations=275 (full 268):
 garbage-first heap   total 75776K, used 22190K [0x00000000c0000000, 0x0000000100000000)
  region size 1024K, 0 young (0K), 0 survivors (0K)
 Metaspace       used 38567K, committed 39168K, reserved 1114112K
  class space    used 5078K, committed 5312K, reserved 1048576K
}
Event: 2924.683 GC heap before
{Heap before GC invocations=275 (full 268):
 garbage-first heap   total 75776K, used 22190K [0x00000000c0000000, 0x0000000100000000)
  region size 1024K, 1 young (1024K), 0 survivors (0K)
 Metaspace       used 38567K, committed 39168K, reserved 1114112K
  class space    used 5078K, committed 5312K, reserved 1048576K
}
Event: 2924.702 GC heap after
{Heap after GC invocations=276 (full 269):
 garbage-first heap   total 75776K, used 22190K [0x00000000c0000000, 0x0000000100000000)
  region size 1024K, 0 young (0K), 0 survivors (0K)
 Metaspace       used 38567K, committed 39168K, reserved 1114112K
  class space    used 5078K, committed 5312K, reserved 1048576K
}
Event: 2934.884 GC heap before
{Heap before GC invocations=276 (full 269):
 garbage-first heap   total 75776K, used 22190K [0x00000000c0000000, 0x0000000100000000)
  region size 1024K, 1 young (1024K), 0 survivors (0K)
 Metaspace       used 38567K, committed 39168K, reserved 1114112K
  class space    used 5078K, committed 5312K, reserved 1048576K
}
Event: 2934.904 GC heap after
{Heap after GC invocations=277 (full 270):
 garbage-first heap   total 75776K, used 22190K [0x00000000c0000000, 0x0000000100000000)
  region size 1024K, 0 young (0K), 0 survivors (0K)
 Metaspace       used 38567K, committed 39168K, reserved 1114112K
  class space    used 5078K, committed 5312K, reserved 1048576K
}
Event: 2945.088 GC heap before
{Heap before GC invocations=277 (full 270):
 garbage-first heap   total 75776K, used 22190K [0x00000000c0000000, 0x0000000100000000)
  region size 1024K, 1 young (1024K), 0 survivors (0K)
 Metaspace       used 38567K, committed 39168K, reserved 1114112K
  class space    used 5078K, committed 5312K, reserved 1048576K
}
Event: 2945.105 GC heap after
{Heap after GC invocations=278 (full 271):
 garbage-first heap   total 75776K, used 22190K [0x00000000c0000000, 0x0000000100000000)
  region size 1024K, 0 young (0K), 0 survivors (0K)
 Metaspace       used 38567K, committed 39168K, reserved 1114112K
  class space    used 5078K, committed 5312K, reserved 1048576K
}
Event: 2955.288 GC heap before
{Heap before GC invocations=278 (full 271):
 garbage-first heap   total 75776K, used 22190K [0x00000000c0000000, 0x0000000100000000)
  region size 1024K, 1 young (1024K), 0 survivors (0K)
 Metaspace       used 38567K, committed 39168K, reserved 1114112K
  class space    used 5078K, committed 5312K, reserved 1048576K
}
Event: 2955.304 GC heap after
{Heap after GC invocations=279 (full 272):
 garbage-first heap   total 75776K, used 22190K [0x00000000c0000000, 0x0000000100000000)
  region size 1024K, 0 young (0K), 0 survivors (0K)
 Metaspace       used 38567K, committed 39168K, reserved 1114112K
  class space    used 5078K, committed 5312K, reserved 1048576K
}
Event: 2965.503 GC heap before
{Heap before GC invocations=279 (full 272):
 garbage-first heap   total 75776K, used 22190K [0x00000000c0000000, 0x0000000100000000)
  region size 1024K, 1 young (1024K), 0 survivors (0K)
 Metaspace       used 38567K, committed 39168K, reserved 1114112K
  class space    used 5078K, committed 5312K, reserved 1048576K
}
Event: 2965.526 GC heap after
{Heap after GC invocations=280 (full 273):
 garbage-first heap   total 75776K, used 22190K [0x00000000c0000000, 0x0000000100000000)
  region size 1024K, 0 young (0K), 0 survivors (0K)
 Metaspace       used 38567K, committed 39168K, reserved 1114112K
  class space    used 5078K, committed 5312K, reserved 1048576K
}
Event: 2975.713 GC heap before
{Heap before GC invocations=280 (full 273):
 garbage-first heap   total 75776K, used 22190K [0x00000000c0000000, 0x0000000100000000)
  region size 1024K, 1 young (1024K), 0 survivors (0K)
 Metaspace       used 38567K, committed 39168K, reserved 1114112K
  class space    used 5078K, committed 5312K, reserved 1048576K
}
Event: 2975.731 GC heap after
{Heap after GC invocations=281 (full 274):
 garbage-first heap   total 75776K, used 22190K [0x00000000c0000000, 0x0000000100000000)
  region size 1024K, 0 young (0K), 0 survivors (0K)
 Metaspace       used 38567K, committed 39168K, reserved 1114112K
  class space    used 5078K, committed 5312K, reserved 1048576K
}
Event: 2985.976 GC heap before
{Heap before GC invocations=281 (full 274):
 garbage-first heap   total 75776K, used 22190K [0x00000000c0000000, 0x0000000100000000)
  region size 1024K, 1 young (1024K), 0 survivors (0K)
 Metaspace       used 38567K, committed 39168K, reserved 1114112K
  class space    used 5078K, committed 5312K, reserved 1048576K
}
Event: 2986.012 GC heap after
{Heap after GC invocations=282 (full 275):
 garbage-first heap   total 75776K, used 22190K [0x00000000c0000000, 0x0000000100000000)
  region size 1024K, 0 young (0K), 0 survivors (0K)
 Metaspace       used 38567K, committed 39168K, reserved 1114112K
  class space    used 5078K, committed 5312K, reserved 1048576K
}
Event: 2996.240 GC heap before
{Heap before GC invocations=282 (full 275):
 garbage-first heap   total 75776K, used 22190K [0x00000000c0000000, 0x0000000100000000)
  region size 1024K, 1 young (1024K), 0 survivors (0K)
 Metaspace       used 38567K, committed 39168K, reserved 1114112K
  class space    used 5078K, committed 5312K, reserved 1048576K
}
Event: 2996.260 GC heap after
{Heap after GC invocations=283 (full 276):
 garbage-first heap   total 75776K, used 22190K [0x00000000c0000000, 0x0000000100000000)
  region size 1024K, 0 young (0K), 0 survivors (0K)
 Metaspace       used 38567K, committed 39168K, reserved 1114112K
  class space    used 5078K, committed 5312K, reserved 1048576K
}
Event: 3006.456 GC heap before
{Heap before GC invocations=283 (full 276):
 garbage-first heap   total 75776K, used 22190K [0x00000000c0000000, 0x0000000100000000)
  region size 1024K, 1 young (1024K), 0 survivors (0K)
 Metaspace       used 38567K, committed 39168K, reserved 1114112K
  class space    used 5078K, committed 5312K, reserved 1048576K
}
Event: 3006.475 GC heap after
{Heap after GC invocations=284 (full 277):
 garbage-first heap   total 75776K, used 22190K [0x00000000c0000000, 0x0000000100000000)
  region size 1024K, 0 young (0K), 0 survivors (0K)
 Metaspace       used 38567K, committed 39168K, reserved 1114112K
  class space    used 5078K, committed 5312K, reserved 1048576K
}

