# JRE version: OpenJDK Runtime Environment Temurin-17.0.9+9 (17.0.9+9) (build 17.0.9+9)
# Java VM: OpenJDK 64-Bit Server VM Temurin-17.0.9+9 (17.0.9+9, mixed mode, emulated-client, tiered, compressed oops, compressed class ptrs, g1 gc, windows-amd64)
GC Precious Log:
 CPUs: 6 total, 6 available
 Memory: 7600M
 Large Page Support: Disabled
 NUMA Support: Disabled
 Compressed Oops: Enabled (32-bit)
 Heap Region Size: 1M
 Heap Min Capacity: 8M
 Heap Initial Capacity: 120M
 Heap Max Capacity: 1G
 Pre-touch: Disabled
 Parallel Workers: 6
 Concurrent Workers: 2
 Concurrent Refinement Workers: 6
 Periodic GC: Disabled
Heap:
 garbage-first heap   total 133120K, used 39139K [0x00000000c0000000, 0x0000000100000000)
  region size 1024K, 1 young (1024K), 0 survivors (0K)
 Metaspace       used 60010K, committed 60864K, reserved 1114112K
  class space    used 7471K, committed 7808K, reserved 1048576K
GC Heap History (20 events):
Event: 2678.823 GC heap before
{Heap before GC invocations=275 (full 197):
 garbage-first heap   total 133120K, used 39138K [0x00000000c0000000, 0x0000000100000000)
  region size 1024K, 1 young (1024K), 0 survivors (0K)
 Metaspace       used 60010K, committed 60864K, reserved 1114112K
  class space    used 7471K, committed 7808K, reserved 1048576K
}
Event: 2678.851 GC heap after
{Heap after GC invocations=276 (full 198):
 garbage-first heap   total 133120K, used 39119K [0x00000000c0000000, 0x0000000100000000)
  region size 1024K, 0 young (0K), 0 survivors (0K)
 Metaspace       used 60010K, committed 60864K, reserved 1114112K
  class space    used 7471K, committed 7808K, reserved 1048576K
}
Event: 2689.166 GC heap before
{Heap before GC invocations=276 (full 198):
 garbage-first heap   total 133120K, used 39119K [0x00000000c0000000, 0x0000000100000000)
  region size 1024K, 1 young (1024K), 0 survivors (0K)
 Metaspace       used 60010K, committed 60864K, reserved 1114112K
  class space    used 7471K, committed 7808K, reserved 1048576K
}
Event: 2689.199 GC heap after
{Heap after GC invocations=277 (full 199):
 garbage-first heap   total 133120K, used 39119K [0x00000000c0000000, 0x0000000100000000)
  region size 1024K, 0 young (0K), 0 survivors (0K)
 Metaspace       used 60010K, committed 60864K, reserved 1114112K
  class space    used 7471K, committed 7808K, reserved 1048576K
}
Event: 2699.539 GC heap before
{Heap before GC invocations=277 (full 199):
 garbage-first heap   total 133120K, used 39119K [0x00000000c0000000, 0x0000000100000000)
  region size 1024K, 1 young (1024K), 0 survivors (0K)
 Metaspace       used 60010K, committed 60864K, reserved 1114112K
  class space    used 7471K, committed 7808K, reserved 1048576K
}
Event: 2699.569 GC heap after
{Heap after GC invocations=278 (full 200):
 garbage-first heap   total 133120K, used 39119K [0x00000000c0000000, 0x0000000100000000)
  region size 1024K, 0 young (0K), 0 survivors (0K)
 Metaspace       used 60010K, committed 60864K, reserved 1114112K
  class space    used 7471K, committed 7808K, reserved 1048576K
}
Event: 2709.764 GC heap before
{Heap before GC invocations=278 (full 200):
 garbage-first heap   total 133120K, used 39119K [0x00000000c0000000, 0x0000000100000000)
  region size 1024K, 1 young (1024K), 0 survivors (0K)
 Metaspace       used 60010K, committed 60864K, reserved 1114112K
  class space    used 7471K, committed 7808K, reserved 1048576K
}
Event: 2709.795 GC heap after
{Heap after GC invocations=279 (full 201):
 garbage-first heap   total 133120K, used 39119K [0x00000000c0000000, 0x0000000100000000)
  region size 1024K, 0 young (0K), 0 survivors (0K)
 Metaspace       used 60010K, committed 60864K, reserved 1114112K
  class space    used 7471K, committed 7808K, reserved 1048576K
}
Event: 2719.661 GC heap before
{Heap before GC invocations=279 (full 201):
 garbage-first heap   total 133120K, used 40143K [0x00000000c0000000, 0x0000000100000000)
  region size 1024K, 3 young (3072K), 0 survivors (0K)
 Metaspace       used 60010K, committed 60864K, reserved 1114112K
  class space    used 7471K, committed 7808K, reserved 1048576K
}
Event: 2719.672 GC heap after
{Heap after GC invocations=280 (full 201):
 garbage-first heap   total 133120K, used 39429K [0x00000000c0000000, 0x0000000100000000)
  region size 1024K, 1 young (1024K), 1 survivors (1024K)
 Metaspace       used 60010K, committed 60864K, reserved 1114112K
  class space    used 7471K, committed 7808K, reserved 1048576K
}
Event: 2760.261 GC heap before
{Heap before GC invocations=281 (full 201):
 garbage-first heap   total 133120K, used 55813K [0x00000000c0000000, 0x0000000100000000)
  region size 1024K, 14 young (14336K), 1 survivors (1024K)
 Metaspace       used 60010K, committed 60864K, reserved 1114112K
  class space    used 7471K, committed 7808K, reserved 1048576K
}
Event: 2761.386 GC heap after
{Heap after GC invocations=282 (full 202):
 garbage-first heap   total 133120K, used 39141K [0x00000000c0000000, 0x0000000100000000)
  region size 1024K, 0 young (0K), 0 survivors (0K)
 Metaspace       used 60010K, committed 60864K, reserved 1114112K
  class space    used 7471K, committed 7808K, reserved 1048576K
}
Event: 2771.628 GC heap before
{Heap before GC invocations=282 (full 202):
 garbage-first heap   total 133120K, used 39141K [0x00000000c0000000, 0x0000000100000000)
  region size 1024K, 1 young (1024K), 0 survivors (0K)
 Metaspace       used 60010K, committed 60864K, reserved 1114112K
  class space    used 7471K, committed 7808K, reserved 1048576K
}
Event: 2771.665 GC heap after
{Heap after GC invocations=283 (full 203):
 garbage-first heap   total 133120K, used 39141K [0x00000000c0000000, 0x0000000100000000)
  region size 1024K, 0 young (0K), 0 survivors (0K)
 Metaspace       used 60010K, committed 60864K, reserved 1114112K
  class space    used 7471K, committed 7808K, reserved 1048576K
}
Event: 2781.943 GC heap before
{Heap before GC invocations=283 (full 203):
 garbage-first heap   total 133120K, used 39141K [0x00000000c0000000, 0x0000000100000000)
  region size 1024K, 1 young (1024K), 0 survivors (0K)
 Metaspace       used 60010K, committed 60864K, reserved 1114112K
  class space    used 7471K, committed 7808K, reserved 1048576K
}
Event: 2781.975 GC heap after
{Heap after GC invocations=284 (full 204):
 garbage-first heap   total 133120K, used 39139K [0x00000000c0000000, 0x0000000100000000)
  region size 1024K, 0 young (0K), 0 survivors (0K)
 Metaspace       used 60010K, committed 60864K, reserved 1114112K
  class space    used 7471K, committed 7808K, reserved 1048576K
}
Event: 2792.195 GC heap before
{Heap before GC invocations=284 (full 204):
 garbage-first heap   total 133120K, used 39139K [0x00000000c0000000, 0x0000000100000000)
  region size 1024K, 1 young (1024K), 0 survivors (0K)
 Metaspace       used 60010K, committed 60864K, reserved 1114112K
  class space    used 7471K, committed 7808K, reserved 1048576K
}
Event: 2792.227 GC heap after
{Heap after GC invocations=285 (full 205):
 garbage-first heap   total 133120K, used 39139K [0x00000000c0000000, 0x0000000100000000)
  region size 1024K, 0 young (0K), 0 survivors (0K)
 Metaspace       used 60010K, committed 60864K, reserved 1114112K
  class space    used 7471K, committed 7808K, reserved 1048576K
}
Event: 2802.414 GC heap before
{Heap before GC invocations=285 (full 205):
 garbage-first heap   total 133120K, used 39139K [0x00000000c0000000, 0x0000000100000000)
  region size 1024K, 1 young (1024K), 0 survivors (0K)
 Metaspace       used 60010K, committed 60864K, reserved 1114112K
  class space    used 7471K, committed 7808K, reserved 1048576K
}
Event: 2802.443 GC heap after
{Heap after GC invocations=286 (full 206):
 garbage-first heap   total 133120K, used 39139K [0x00000000c0000000, 0x0000000100000000)
  region size 1024K, 0 young (0K), 0 survivors (0K)
 Metaspace       used 60010K, committed 60864K, reserved 1114112K
  class space    used 7471K, committed 7808K, reserved 1048576K
}

