# JRE version: OpenJDK Runtime Environment Temurin-17.0.9+9 (17.0.9+9) (build 17.0.9+9)
# Java VM: OpenJDK 64-Bit Server VM Temurin-17.0.9+9 (17.0.9+9, mixed mode, emulated-client, tiered, compressed oops, compressed class ptrs, g1 gc, windows-amd64)
GC Precious Log:
 CPUs: 6 total, 6 available
 Memory: 7600M
 Large Page Support: Disabled
 NUMA Support: Disabled
 Compressed Oops: Enabled (32-bit)
 Heap Region Size: 1M
 Heap Min Capacity: 8M
 Heap Initial Capacity: 120M
 Heap Max Capacity: 1G
 Pre-touch: Disabled
 Parallel Workers: 6
 Concurrent Workers: 2
 Concurrent Refinement Workers: 6
 Periodic GC: Disabled
Heap:
 garbage-first heap   total 68608K, used 22383K [0x00000000c0000000, 0x0000000100000000)
  region size 1024K, 1 young (1024K), 0 survivors (0K)
 Metaspace       used 39257K, committed 39744K, reserved 1114112K
  class space    used 5186K, committed 5376K, reserved 1048576K
GC Heap History (20 events):
Event: 75264.719 GC heap before
{Heap before GC invocations=2693 (full 2684):
 garbage-first heap   total 68608K, used 22383K [0x00000000c0000000, 0x0000000100000000)
  region size 1024K, 1 young (1024K), 0 survivors (0K)
 Metaspace       used 39257K, committed 39744K, reserved 1114112K
  class space    used 5186K, committed 5376K, reserved 1048576K
}
Event: 75265.249 GC heap after
{Heap after GC invocations=2694 (full 2685):
 garbage-first heap   total 68608K, used 22383K [0x00000000c0000000, 0x0000000100000000)
  region size 1024K, 0 young (0K), 0 survivors (0K)
 Metaspace       used 39257K, committed 39744K, reserved 1114112K
  class space    used 5186K, committed 5376K, reserved 1048576K
}
Event: 75276.431 GC heap before
{Heap before GC invocations=2694 (full 2685):
 garbage-first heap   total 68608K, used 22383K [0x00000000c0000000, 0x0000000100000000)
  region size 1024K, 1 young (1024K), 0 survivors (0K)
 Metaspace       used 39257K, committed 39744K, reserved 1114112K
  class space    used 5186K, committed 5376K, reserved 1048576K
}
Event: 75278.337 GC heap after
{Heap after GC invocations=2695 (full 2686):
 garbage-first heap   total 68608K, used 22383K [0x00000000c0000000, 0x0000000100000000)
  region size 1024K, 0 young (0K), 0 survivors (0K)
 Metaspace       used 39257K, committed 39744K, reserved 1114112K
  class space    used 5186K, committed 5376K, reserved 1048576K
}
Event: 75289.361 GC heap before
{Heap before GC invocations=2695 (full 2686):
 garbage-first heap   total 68608K, used 22383K [0x00000000c0000000, 0x0000000100000000)
  region size 1024K, 1 young (1024K), 0 survivors (0K)
 Metaspace       used 39257K, committed 39744K, reserved 1114112K
  class space    used 5186K, committed 5376K, reserved 1048576K
}
Event: 75290.221 GC heap after
{Heap after GC invocations=2696 (full 2687):
 garbage-first heap   total 68608K, used 22383K [0x00000000c0000000, 0x0000000100000000)
  region size 1024K, 0 young (0K), 0 survivors (0K)
 Metaspace       used 39257K, committed 39744K, reserved 1114112K
  class space    used 5186K, committed 5376K, reserved 1048576K
}
Event: 75301.312 GC heap before
{Heap before GC invocations=2696 (full 2687):
 garbage-first heap   total 68608K, used 22383K [0x00000000c0000000, 0x0000000100000000)
  region size 1024K, 1 young (1024K), 0 survivors (0K)
 Metaspace       used 39257K, committed 39744K, reserved 1114112K
  class space    used 5186K, committed 5376K, reserved 1048576K
}
Event: 75302.829 GC heap after
{Heap after GC invocations=2697 (full 2688):
 garbage-first heap   total 68608K, used 22383K [0x00000000c0000000, 0x0000000100000000)
  region size 1024K, 0 young (0K), 0 survivors (0K)
 Metaspace       used 39257K, committed 39744K, reserved 1114112K
  class space    used 5186K, committed 5376K, reserved 1048576K
}
Event: 75313.193 GC heap before
{Heap before GC invocations=2697 (full 2688):
 garbage-first heap   total 68608K, used 22383K [0x00000000c0000000, 0x0000000100000000)
  region size 1024K, 1 young (1024K), 0 survivors (0K)
 Metaspace       used 39257K, committed 39744K, reserved 1114112K
  class space    used 5186K, committed 5376K, reserved 1048576K
}
Event: 75315.582 GC heap after
{Heap after GC invocations=2698 (full 2689):
 garbage-first heap   total 68608K, used 22383K [0x00000000c0000000, 0x0000000100000000)
  region size 1024K, 0 young (0K), 0 survivors (0K)
 Metaspace       used 39257K, committed 39744K, reserved 1114112K
  class space    used 5186K, committed 5376K, reserved 1048576K
}
Event: 75326.159 GC heap before
{Heap before GC invocations=2698 (full 2689):
 garbage-first heap   total 68608K, used 22383K [0x00000000c0000000, 0x0000000100000000)
  region size 1024K, 1 young (1024K), 0 survivors (0K)
 Metaspace       used 39257K, committed 39744K, reserved 1114112K
  class space    used 5186K, committed 5376K, reserved 1048576K
}
Event: 75326.198 GC heap after
{Heap after GC invocations=2699 (full 2690):
 garbage-first heap   total 68608K, used 22383K [0x00000000c0000000, 0x0000000100000000)
  region size 1024K, 0 young (0K), 0 survivors (0K)
 Metaspace       used 39257K, committed 39744K, reserved 1114112K
  class space    used 5186K, committed 5376K, reserved 1048576K
}
Event: 75336.773 GC heap before
{Heap before GC invocations=2699 (full 2690):
 garbage-first heap   total 68608K, used 22383K [0x00000000c0000000, 0x0000000100000000)
  region size 1024K, 1 young (1024K), 0 survivors (0K)
 Metaspace       used 39257K, committed 39744K, reserved 1114112K
  class space    used 5186K, committed 5376K, reserved 1048576K
}
Event: 75336.796 GC heap after
{Heap after GC invocations=2700 (full 2691):
 garbage-first heap   total 68608K, used 22383K [0x00000000c0000000, 0x0000000100000000)
  region size 1024K, 0 young (0K), 0 survivors (0K)
 Metaspace       used 39257K, committed 39744K, reserved 1114112K
  class space    used 5186K, committed 5376K, reserved 1048576K
}
Event: 75347.164 GC heap before
{Heap before GC invocations=2700 (full 2691):
 garbage-first heap   total 68608K, used 22383K [0x00000000c0000000, 0x0000000100000000)
  region size 1024K, 1 young (1024K), 0 survivors (0K)
 Metaspace       used 39257K, committed 39744K, reserved 1114112K
  class space    used 5186K, committed 5376K, reserved 1048576K
}
Event: 75347.204 GC heap after
{Heap after GC invocations=2701 (full 2692):
 garbage-first heap   total 68608K, used 22383K [0x00000000c0000000, 0x0000000100000000)
  region size 1024K, 0 young (0K), 0 survivors (0K)
 Metaspace       used 39257K, committed 39744K, reserved 1114112K
  class space    used 5186K, committed 5376K, reserved 1048576K
}
Event: 75357.876 GC heap before
{Heap before GC invocations=2701 (full 2692):
 garbage-first heap   total 68608K, used 22383K [0x00000000c0000000, 0x0000000100000000)
  region size 1024K, 1 young (1024K), 0 survivors (0K)
 Metaspace       used 39257K, committed 39744K, reserved 1114112K
  class space    used 5186K, committed 5376K, reserved 1048576K
}
Event: 75358.155 GC heap after
{Heap after GC invocations=2702 (full 2693):
 garbage-first heap   total 68608K, used 22383K [0x00000000c0000000, 0x0000000100000000)
  region size 1024K, 0 young (0K), 0 survivors (0K)
 Metaspace       used 39257K, committed 39744K, reserved 1114112K
  class space    used 5186K, committed 5376K, reserved 1048576K
}
Event: 75368.472 GC heap before
{Heap before GC invocations=2702 (full 2693):
 garbage-first heap   total 68608K, used 22383K [0x00000000c0000000, 0x0000000100000000)
  region size 1024K, 1 young (1024K), 0 survivors (0K)
 Metaspace       used 39257K, committed 39744K, reserved 1114112K
  class space    used 5186K, committed 5376K, reserved 1048576K
}
Event: 75368.626 GC heap after
{Heap after GC invocations=2703 (full 2694):
 garbage-first heap   total 68608K, used 22383K [0x00000000c0000000, 0x0000000100000000)
  region size 1024K, 0 young (0K), 0 survivors (0K)
 Metaspace       used 39257K, committed 39744K, reserved 1114112K
  class space    used 5186K, committed 5376K, reserved 1048576K
}

