# JRE version: OpenJDK Runtime Environment Temurin-17.0.9+9 (17.0.9+9) (build 17.0.9+9)
# Java VM: OpenJDK 64-Bit Server VM Temurin-17.0.9+9 (17.0.9+9, mixed mode, emulated-client, tiered, compressed oops, compressed class ptrs, g1 gc, windows-amd64)
GC Precious Log:
 CPUs: 6 total, 6 available
 Memory: 7600M
 Large Page Support: Disabled
 NUMA Support: Disabled
 Compressed Oops: Enabled (32-bit)
 Heap Region Size: 1M
 Heap Min Capacity: 8M
 Heap Initial Capacity: 120M
 Heap Max Capacity: 1G
 Pre-touch: Disabled
 Parallel Workers: 6
 Concurrent Workers: 2
 Concurrent Refinement Workers: 6
 Periodic GC: Disabled
Heap:
 garbage-first heap   total 89088K, used 36793K [0x00000000c0000000, 0x0000000100000000)
  region size 1024K, 1 young (1024K), 0 survivors (0K)
 Metaspace       used 59728K, committed 60160K, reserved 1114112K
  class space    used 7431K, committed 7616K, reserved 1048576K
GC Heap History (20 events):
Event: 2464.005 GC heap before
{Heap before GC invocations=244 (full 215):
 garbage-first heap   total 89088K, used 36793K [0x00000000c0000000, 0x0000000100000000)
  region size 1024K, 1 young (1024K), 0 survivors (0K)
 Metaspace       used 59728K, committed 60160K, reserved 1114112K
  class space    used 7431K, committed 7616K, reserved 1048576K
}
Event: 2464.037 GC heap after
{Heap after GC invocations=245 (full 216):
 garbage-first heap   total 89088K, used 36793K [0x00000000c0000000, 0x0000000100000000)
  region size 1024K, 0 young (0K), 0 survivors (0K)
 Metaspace       used 59728K, committed 60160K, reserved 1114112K
  class space    used 7431K, committed 7616K, reserved 1048576K
}
Event: 2474.341 GC heap before
{Heap before GC invocations=245 (full 216):
 garbage-first heap   total 89088K, used 36793K [0x00000000c0000000, 0x0000000100000000)
  region size 1024K, 1 young (1024K), 0 survivors (0K)
 Metaspace       used 59728K, committed 60160K, reserved 1114112K
  class space    used 7431K, committed 7616K, reserved 1048576K
}
Event: 2474.376 GC heap after
{Heap after GC invocations=246 (full 217):
 garbage-first heap   total 89088K, used 36793K [0x00000000c0000000, 0x0000000100000000)
  region size 1024K, 0 young (0K), 0 survivors (0K)
 Metaspace       used 59728K, committed 60160K, reserved 1114112K
  class space    used 7431K, committed 7616K, reserved 1048576K
}
Event: 2484.723 GC heap before
{Heap before GC invocations=246 (full 217):
 garbage-first heap   total 89088K, used 36793K [0x00000000c0000000, 0x0000000100000000)
  region size 1024K, 1 young (1024K), 0 survivors (0K)
 Metaspace       used 59728K, committed 60160K, reserved 1114112K
  class space    used 7431K, committed 7616K, reserved 1048576K
}
Event: 2484.758 GC heap after
{Heap after GC invocations=247 (full 218):
 garbage-first heap   total 89088K, used 36793K [0x00000000c0000000, 0x0000000100000000)
  region size 1024K, 0 young (0K), 0 survivors (0K)
 Metaspace       used 59728K, committed 60160K, reserved 1114112K
  class space    used 7431K, committed 7616K, reserved 1048576K
}
Event: 2495.060 GC heap before
{Heap before GC invocations=247 (full 218):
 garbage-first heap   total 89088K, used 36793K [0x00000000c0000000, 0x0000000100000000)
  region size 1024K, 1 young (1024K), 0 survivors (0K)
 Metaspace       used 59728K, committed 60160K, reserved 1114112K
  class space    used 7431K, committed 7616K, reserved 1048576K
}
Event: 2495.098 GC heap after
{Heap after GC invocations=248 (full 219):
 garbage-first heap   total 89088K, used 36793K [0x00000000c0000000, 0x0000000100000000)
  region size 1024K, 0 young (0K), 0 survivors (0K)
 Metaspace       used 59728K, committed 60160K, reserved 1114112K
  class space    used 7431K, committed 7616K, reserved 1048576K
}
Event: 2505.348 GC heap before
{Heap before GC invocations=248 (full 219):
 garbage-first heap   total 89088K, used 36793K [0x00000000c0000000, 0x0000000100000000)
  region size 1024K, 1 young (1024K), 0 survivors (0K)
 Metaspace       used 59728K, committed 60160K, reserved 1114112K
  class space    used 7431K, committed 7616K, reserved 1048576K
}
Event: 2505.381 GC heap after
{Heap after GC invocations=249 (full 220):
 garbage-first heap   total 89088K, used 36793K [0x00000000c0000000, 0x0000000100000000)
  region size 1024K, 0 young (0K), 0 survivors (0K)
 Metaspace       used 59728K, committed 60160K, reserved 1114112K
  class space    used 7431K, committed 7616K, reserved 1048576K
}
Event: 2515.618 GC heap before
{Heap before GC invocations=249 (full 220):
 garbage-first heap   total 89088K, used 36793K [0x00000000c0000000, 0x0000000100000000)
  region size 1024K, 1 young (1024K), 0 survivors (0K)
 Metaspace       used 59728K, committed 60160K, reserved 1114112K
  class space    used 7431K, committed 7616K, reserved 1048576K
}
Event: 2515.652 GC heap after
{Heap after GC invocations=250 (full 221):
 garbage-first heap   total 89088K, used 36793K [0x00000000c0000000, 0x0000000100000000)
  region size 1024K, 0 young (0K), 0 survivors (0K)
 Metaspace       used 59728K, committed 60160K, reserved 1114112K
  class space    used 7431K, committed 7616K, reserved 1048576K
}
Event: 2525.909 GC heap before
{Heap before GC invocations=250 (full 221):
 garbage-first heap   total 89088K, used 36793K [0x00000000c0000000, 0x0000000100000000)
  region size 1024K, 1 young (1024K), 0 survivors (0K)
 Metaspace       used 59728K, committed 60160K, reserved 1114112K
  class space    used 7431K, committed 7616K, reserved 1048576K
}
Event: 2525.942 GC heap after
{Heap after GC invocations=251 (full 222):
 garbage-first heap   total 89088K, used 36793K [0x00000000c0000000, 0x0000000100000000)
  region size 1024K, 0 young (0K), 0 survivors (0K)
 Metaspace       used 59728K, committed 60160K, reserved 1114112K
  class space    used 7431K, committed 7616K, reserved 1048576K
}
Event: 2536.236 GC heap before
{Heap before GC invocations=251 (full 222):
 garbage-first heap   total 89088K, used 36793K [0x00000000c0000000, 0x0000000100000000)
  region size 1024K, 1 young (1024K), 0 survivors (0K)
 Metaspace       used 59728K, committed 60160K, reserved 1114112K
  class space    used 7431K, committed 7616K, reserved 1048576K
}
Event: 2536.269 GC heap after
{Heap after GC invocations=252 (full 223):
 garbage-first heap   total 89088K, used 36793K [0x00000000c0000000, 0x0000000100000000)
  region size 1024K, 0 young (0K), 0 survivors (0K)
 Metaspace       used 59728K, committed 60160K, reserved 1114112K
  class space    used 7431K, committed 7616K, reserved 1048576K
}
Event: 2546.487 GC heap before
{Heap before GC invocations=252 (full 223):
 garbage-first heap   total 89088K, used 36793K [0x00000000c0000000, 0x0000000100000000)
  region size 1024K, 1 young (1024K), 0 survivors (0K)
 Metaspace       used 59728K, committed 60160K, reserved 1114112K
  class space    used 7431K, committed 7616K, reserved 1048576K
}
Event: 2546.519 GC heap after
{Heap after GC invocations=253 (full 224):
 garbage-first heap   total 89088K, used 36793K [0x00000000c0000000, 0x0000000100000000)
  region size 1024K, 0 young (0K), 0 survivors (0K)
 Metaspace       used 59728K, committed 60160K, reserved 1114112K
  class space    used 7431K, committed 7616K, reserved 1048576K
}
Event: 2556.719 GC heap before
{Heap before GC invocations=253 (full 224):
 garbage-first heap   total 89088K, used 36793K [0x00000000c0000000, 0x0000000100000000)
  region size 1024K, 1 young (1024K), 0 survivors (0K)
 Metaspace       used 59728K, committed 60160K, reserved 1114112K
  class space    used 7431K, committed 7616K, reserved 1048576K
}
Event: 2556.750 GC heap after
{Heap after GC invocations=254 (full 225):
 garbage-first heap   total 89088K, used 36793K [0x00000000c0000000, 0x0000000100000000)
  region size 1024K, 0 young (0K), 0 survivors (0K)
 Metaspace       used 59728K, committed 60160K, reserved 1114112K
  class space    used 7431K, committed 7616K, reserved 1048576K
}

